c:\projects\ds project\project\dsproject-drawing-for-kids\debug\pt project.bsc
c:\projects\ds project\project\dsproject-drawing-for-kids\debug\vc143.pdb
c:\projects\ds project\project\dsproject-drawing-for-kids\debug\vc143.idb
c:\projects\ds project\project\dsproject-drawing-for-kids\debug\main.sbr
c:\projects\ds project\project\dsproject-drawing-for-kids\debug\output.sbr
c:\projects\ds project\project\dsproject-drawing-for-kids\debug\input.sbr
c:\projects\ds project\project\dsproject-drawing-for-kids\debug\cfigure.sbr
c:\projects\ds project\project\dsproject-drawing-for-kids\debug\windowinput.sbr
c:\projects\ds project\project\dsproject-drawing-for-kids\debug\mousequeue.sbr
c:\projects\ds project\project\dsproject-drawing-for-kids\debug\keyqueue.sbr
c:\projects\ds project\project\dsproject-drawing-for-kids\debug\image.sbr
c:\projects\ds project\project\dsproject-drawing-for-kids\debug\cmugraphics.sbr
c:\projects\ds project\project\dsproject-drawing-for-kids\debug\auxil.sbr
c:\projects\ds project\project\dsproject-drawing-for-kids\debug\applicationmanager.sbr
c:\projects\ds project\project\dsproject-drawing-for-kids\debug\applicationmanager.obj
c:\projects\ds project\project\dsproject-drawing-for-kids\debug\auxil.obj
c:\projects\ds project\project\dsproject-drawing-for-kids\debug\cmugraphics.obj
c:\projects\ds project\project\dsproject-drawing-for-kids\debug\image.obj
c:\projects\ds project\project\dsproject-drawing-for-kids\debug\keyqueue.obj
c:\projects\ds project\project\dsproject-drawing-for-kids\debug\mousequeue.obj
c:\projects\ds project\project\dsproject-drawing-for-kids\debug\windowinput.obj
c:\projects\ds project\project\dsproject-drawing-for-kids\debug\cfigure.obj
c:\projects\ds project\project\dsproject-drawing-for-kids\debug\input.obj
c:\projects\ds project\project\dsproject-drawing-for-kids\debug\output.obj
c:\projects\ds project\project\dsproject-drawing-for-kids\debug\main.obj
c:\projects\ds project\project\dsproject-drawing-for-kids\debug\gui.sbr
c:\projects\ds project\project\dsproject-drawing-for-kids\debug\csquare.sbr
c:\projects\ds project\project\dsproject-drawing-for-kids\debug\chexagon.sbr
c:\projects\ds project\project\dsproject-drawing-for-kids\debug\cellipse.sbr
c:\projects\ds project\project\dsproject-drawing-for-kids\debug\toplayaction.sbr
c:\projects\ds project\project\dsproject-drawing-for-kids\debug\save.sbr
c:\projects\ds project\project\dsproject-drawing-for-kids\debug\resize.sbr
c:\projects\ds project\project\dsproject-drawing-for-kids\debug\load.sbr
c:\projects\ds project\project\dsproject-drawing-for-kids\debug\exit.sbr
c:\projects\ds project\project\dsproject-drawing-for-kids\debug\actionsendback.sbr
c:\projects\ds project\project\dsproject-drawing-for-kids\debug\actionselect.sbr
c:\projects\ds project\project\dsproject-drawing-for-kids\debug\actiondelete.sbr
c:\projects\ds project\project\dsproject-drawing-for-kids\debug\actionchngfillclr.sbr
c:\projects\ds project\project\dsproject-drawing-for-kids\debug\actionchngdrawclr.sbr
c:\projects\ds project\project\dsproject-drawing-for-kids\debug\actionchngbkgrndclr.sbr
c:\projects\ds project\project\dsproject-drawing-for-kids\debug\actionbringfront.sbr
c:\projects\ds project\project\dsproject-drawing-for-kids\debug\actionaddsquare.sbr
c:\projects\ds project\project\dsproject-drawing-for-kids\debug\actionaddhexagon.sbr
c:\projects\ds project\project\dsproject-drawing-for-kids\debug\actionaddhexagon.obj
c:\projects\ds project\project\dsproject-drawing-for-kids\debug\actionaddsquare.obj
c:\projects\ds project\project\dsproject-drawing-for-kids\debug\actionbringfront.obj
c:\projects\ds project\project\dsproject-drawing-for-kids\debug\actionchngbkgrndclr.obj
c:\projects\ds project\project\dsproject-drawing-for-kids\debug\actionchngdrawclr.obj
c:\projects\ds project\project\dsproject-drawing-for-kids\debug\actionchngfillclr.obj
c:\projects\ds project\project\dsproject-drawing-for-kids\debug\actiondelete.obj
c:\projects\ds project\project\dsproject-drawing-for-kids\debug\actionselect.obj
c:\projects\ds project\project\dsproject-drawing-for-kids\debug\actionsendback.obj
c:\projects\ds project\project\dsproject-drawing-for-kids\debug\exit.obj
c:\projects\ds project\project\dsproject-drawing-for-kids\debug\load.obj
c:\projects\ds project\project\dsproject-drawing-for-kids\debug\resize.obj
c:\projects\ds project\project\dsproject-drawing-for-kids\debug\save.obj
c:\projects\ds project\project\dsproject-drawing-for-kids\debug\toplayaction.obj
c:\projects\ds project\project\dsproject-drawing-for-kids\debug\cellipse.obj
c:\projects\ds project\project\dsproject-drawing-for-kids\debug\chexagon.obj
c:\projects\ds project\project\dsproject-drawing-for-kids\debug\csquare.obj
c:\projects\ds project\project\dsproject-drawing-for-kids\debug\gui.obj
c:\projects\ds project\project\dsproject-drawing-for-kids\debug\actionaddellipse.sbr
c:\projects\ds project\project\dsproject-drawing-for-kids\debug\actionaddellipse.obj
c:\projects\ds project\project\dsproject-drawing-for-kids\debug\colors.sbr
c:\projects\ds project\project\dsproject-drawing-for-kids\debug\colors.obj
c:\projects\ds project\project\dsproject-drawing-for-kids\debug\jutils.sbr
c:\projects\ds project\project\dsproject-drawing-for-kids\debug\jquant2.sbr
c:\projects\ds project\project\dsproject-drawing-for-kids\debug\jquant1.sbr
c:\projects\ds project\project\dsproject-drawing-for-kids\debug\jmemnobs.sbr
c:\projects\ds project\project\dsproject-drawing-for-kids\debug\jmemmgr.sbr
c:\projects\ds project\project\dsproject-drawing-for-kids\debug\jidctred.sbr
c:\projects\ds project\project\dsproject-drawing-for-kids\debug\jidctint.sbr
c:\projects\ds project\project\dsproject-drawing-for-kids\debug\jidctfst.sbr
c:\projects\ds project\project\dsproject-drawing-for-kids\debug\jidctflt.sbr
c:\projects\ds project\project\dsproject-drawing-for-kids\debug\jerror.sbr
c:\projects\ds project\project\dsproject-drawing-for-kids\debug\jdtrans.sbr
c:\projects\ds project\project\dsproject-drawing-for-kids\debug\jdsample.sbr
c:\projects\ds project\project\dsproject-drawing-for-kids\debug\jdpostct.sbr
c:\projects\ds project\project\dsproject-drawing-for-kids\debug\jdphuff.sbr
c:\projects\ds project\project\dsproject-drawing-for-kids\debug\jdmerge.sbr
c:\projects\ds project\project\dsproject-drawing-for-kids\debug\jdmaster.sbr
c:\projects\ds project\project\dsproject-drawing-for-kids\debug\jdmarker.sbr
c:\projects\ds project\project\dsproject-drawing-for-kids\debug\jdmainct.sbr
c:\projects\ds project\project\dsproject-drawing-for-kids\debug\jdinput.sbr
c:\projects\ds project\project\dsproject-drawing-for-kids\debug\jdhuff.sbr
c:\projects\ds project\project\dsproject-drawing-for-kids\debug\jdhuff.obj
c:\projects\ds project\project\dsproject-drawing-for-kids\debug\jdinput.obj
c:\projects\ds project\project\dsproject-drawing-for-kids\debug\jdmainct.obj
c:\projects\ds project\project\dsproject-drawing-for-kids\debug\jdmarker.obj
c:\projects\ds project\project\dsproject-drawing-for-kids\debug\jdmaster.obj
c:\projects\ds project\project\dsproject-drawing-for-kids\debug\jdmerge.obj
c:\projects\ds project\project\dsproject-drawing-for-kids\debug\jdphuff.obj
c:\projects\ds project\project\dsproject-drawing-for-kids\debug\jdpostct.obj
c:\projects\ds project\project\dsproject-drawing-for-kids\debug\jdsample.obj
c:\projects\ds project\project\dsproject-drawing-for-kids\debug\jdtrans.obj
c:\projects\ds project\project\dsproject-drawing-for-kids\debug\jerror.obj
c:\projects\ds project\project\dsproject-drawing-for-kids\debug\jidctflt.obj
c:\projects\ds project\project\dsproject-drawing-for-kids\debug\jidctfst.obj
c:\projects\ds project\project\dsproject-drawing-for-kids\debug\jidctint.obj
c:\projects\ds project\project\dsproject-drawing-for-kids\debug\jidctred.obj
c:\projects\ds project\project\dsproject-drawing-for-kids\debug\jmemmgr.obj
c:\projects\ds project\project\dsproject-drawing-for-kids\debug\jmemnobs.obj
c:\projects\ds project\project\dsproject-drawing-for-kids\debug\jquant1.obj
c:\projects\ds project\project\dsproject-drawing-for-kids\debug\jquant2.obj
c:\projects\ds project\project\dsproject-drawing-for-kids\debug\jutils.obj
c:\projects\ds project\project\dsproject-drawing-for-kids\debug\jddctmgr.sbr
c:\projects\ds project\project\dsproject-drawing-for-kids\debug\jdcolor.sbr
c:\projects\ds project\project\dsproject-drawing-for-kids\debug\jdcoefct.sbr
c:\projects\ds project\project\dsproject-drawing-for-kids\debug\jdatasrc.sbr
c:\projects\ds project\project\dsproject-drawing-for-kids\debug\jdapistd.sbr
c:\projects\ds project\project\dsproject-drawing-for-kids\debug\jdapimin.sbr
c:\projects\ds project\project\dsproject-drawing-for-kids\debug\jcparam.sbr
c:\projects\ds project\project\dsproject-drawing-for-kids\debug\jcomapi.sbr
c:\projects\ds project\project\dsproject-drawing-for-kids\debug\jpegload.sbr
c:\projects\ds project\project\dsproject-drawing-for-kids\debug\jpegload.obj
c:\projects\ds project\project\dsproject-drawing-for-kids\debug\jcomapi.obj
c:\projects\ds project\project\dsproject-drawing-for-kids\debug\jcparam.obj
c:\projects\ds project\project\dsproject-drawing-for-kids\debug\jdapimin.obj
c:\projects\ds project\project\dsproject-drawing-for-kids\debug\jdapistd.obj
c:\projects\ds project\project\dsproject-drawing-for-kids\debug\jdatasrc.obj
c:\projects\ds project\project\dsproject-drawing-for-kids\debug\jdcoefct.obj
c:\projects\ds project\project\dsproject-drawing-for-kids\debug\jdcolor.obj
c:\projects\ds project\project\dsproject-drawing-for-kids\debug\jddctmgr.obj
c:\projects\ds project\project\dsproject-drawing-for-kids\debug\pt project.ilk
c:\projects\ds project\project\dsproject-drawing-for-kids\debug\pt project.exe
c:\projects\ds project\project\dsproject-drawing-for-kids\debug\pt project.pdb
c:\projects\ds project\project\dsproject-drawing-for-kids\debug\pt project.tlog\bscmake.command.1.tlog
c:\projects\ds project\project\dsproject-drawing-for-kids\debug\pt project.tlog\bscmake.read.1.tlog
c:\projects\ds project\project\dsproject-drawing-for-kids\debug\pt project.tlog\bscmake.write.1.tlog
c:\projects\ds project\project\dsproject-drawing-for-kids\debug\pt project.tlog\cl.command.1.tlog
c:\projects\ds project\project\dsproject-drawing-for-kids\debug\pt project.tlog\cl.read.1.tlog
c:\projects\ds project\project\dsproject-drawing-for-kids\debug\pt project.tlog\cl.write.1.tlog
c:\projects\ds project\project\dsproject-drawing-for-kids\debug\pt project.tlog\link.command.1.tlog
c:\projects\ds project\project\dsproject-drawing-for-kids\debug\pt project.tlog\link.read.1.tlog
c:\projects\ds project\project\dsproject-drawing-for-kids\debug\pt project.tlog\link.write.1.tlog
